0009:Has obtenido <04*><05*><04*>\n
0010:No puedes llevar más\n<04*><05*><04*>
0011:Has obtenido <04*><01*><04*> Gald
0012:Has obtenido <04*><05*><04*>
0013:<02*> ha recibido el título\n<04*><10*><04*>
0014:<02*> ha aprendido\n<04*><11*><04*>
0015:Has aprendido la receta <04*>Bola de arroz<04*>
0016:Has aprendido la receta <04*>Espaguetis<04*>
0017:Has aprendido la receta <04*>Sandwich<04*>
0018:Has aprendido la receta <04*>Pollo frito<04*>
0019:Has aprendido la receta <04*>Arroz frito<04*>
0020:Has aprendido la receta <04*>Ramen<04*>
0021:Has aprendido la receta <04*>Pizza<04*>
0022:Has aprendido la receta <04*>Ensalada<04*>
0023:Has aprendido la receta <04*>Curry<04*>
0024:Has aprendido la receta <04*>Fideos de soba<04*>
0025:Has aprendido la receta <04*>Tarta<04*>
0026:Has aprendido la receta <04*>Cuenco de arroz<04*>
0027:Has aprendido la receta <04*>Sushi<04*>
0028:Has aprendido la receta <04*>Fideos de udon<04*>
0029:Has aprendido la receta <04*>Tostada<04*>
0030:Has aprendido la receta <04*>Sopa de cebolla<04*>
0031:Has aprendido la receta <04*>Gratinado<04*>
0032:Has aprendido la receta <04*>Macedonia<04*>
0033:Has aprendido la receta <04*>Estofado<04*>
0034:Has aprendido la receta <04*>Estofado de miso<04*>
0035:<02*> se ha unido al grupo
0036:<02*> ha dejado el grupo
0060:Espero que podamos terminar con esta guerra.
0061:General Cecille...
0074:Aslan Frings...<PAGE>\nIncluso un hombre como él\nen la milicia de Malkuth...\n
0130:Su Alteza...\nPor favor, tenga cuidado.
0140:Vale, pagaré\n¿Estás loco?
0146:No hay nada dentro.
0163:Yutan...\n¿Dónde puedes estar?
0269:Lo siento...
0270:Entiendo lo que dice\nJade, pero...
0271:No hay que precipitarse, ¿sabes?
0272:No... no...
0273:La muerte no es la única opción.\n¿Lo entiendes?
0274:Réplica o no, tu\nvida es preciosa.\nNo lo olvides.
0275:Por favor piénsatelo bien.
0377:¡Ataque enemigo!
0378:Ataque enemigo
0436:¿Qué debería hacer...?
0439:Su Alteza, señorito Luke,\ntened cuidado por favor...
0440:Coronel Curtiss, Gailardia,\ncuento con vosotros.
0767:En estas circunstancias,\nuna tregua es inevitable...
0768:Lamento las molestias, pero te agradecería \nque le dieras el anillo a ella.
0887:¡Cuida de Asch!
0912:Asch sí que es decidido... \nIncluso se podría decir \nque es testarudo.
0913:Chicos, contamos con vosotros \n¡Buena suerte!
1068:¡BUena suerte! \n¡Estaré con vosotros hasta el final!
1071:No hay nada en el interior
1140:Animación 1: Apertura
1141:Animación 2: Prólogo
1142:Animación 3: Luke y Asch
1143:Animación 4: Luke se corta el pelo
1144:Animación 5: La guerra
1145:Animación 6: La muerte de Van
1146:Animación 7: La muerte de Asch
1147:Animación 8: El regreso de Lorelei
1148:Animación 9: Desenlace y Epílogo
1149:CG1: El hundimiento de Akzeriuth
1150:CG2: El alzamiento del Tartarus
1151:CG3: La caída de San Binah
1152:CG4: El descenso de Chesedonia
1153:CG5: El descenso del Tartarus
1154:CG6: Eldrant se alza
1155:CG7: El sacrificio de las réplicas
1156:CG8: Eldrant carga el Albiore
1157:CG9: El Albiore se estrella
1207:Esta área está \nrestringida.
1295:Pulsa el botón <06*> repetidamente
1298:Mañana es el día...
1306:Observa por ti mismo.\nEncuentra la respuesta \nmás allá de Van...
1309:Mañana...\nacaberemos con esto \nde una vez por todas.
1310:Debemos sobrevivir a este calvario \npor nuestro reino...
1311:¿se ha ido?
1312:¿Adónde fue?
1313:¡Muestra algo de alegría!\n¡Vamos a ganar!
1318:Asch... Está yendo solo...
1520:Me imagino que es demasiado\ndifícil para que lo entienda \nun chico de siete años...
1521:¡Venga!\n¡Ve a hablar con <02*>!
1522:Lo que yo decía, un criajo...
1523:El Portal de la Absorción...\nEl destino te lleva allí.\nPor favor ten cuidado.
1527:Debería ir a ver a Teodoro...

1528:Cohete
1529:Hijo del Duke
1530:Réplica
1531:Espada salvaje
1532:Toallero
1533:Vizconde
1534:¿Matadragones?
1535:Matadragones
1536:Abyss rojo
1537:Beserker
1538:Líder táctico\n
1539:Intrusa misteriosa
1540:Tía guay
1541:Belleza de alquiler
1542:Coronel locrio
1543:Sirvienta orgullosa
1544:Abyss negra
1545:Coleccionista de monstruos
1546:Coronel
1547:¿Fonista malvado?
1548:Rey del descanso
1549:Doctor Mambo
1550:Abyss azul
1551:Maestro de batalla
1552:Guardiana del Maestro Fónico
1553:Infantil
1554:No soy una cría
1555:Pequeño diablo
1556:Gata gata gatita gata
1557:Abyss rosa
1558:Guardián
1559:Maestro del sable
1560:Simio acuático
1561:Buen ánimo
1562:Caballero galante
1563:Abyss naranja
1564:Soñador sin remedio
1565:Princesa de Kimlasca
1566:Voluntad imperial
1567:Mariposa tropical
1568:Princesa amada
1569:Estrella de Malkuth
1570:Abyss verde
1571:Princesa aventurera
1572:General de Élite
1573:Hijo pródigo
1574:Abyss plateado
1575:Rey Ingobert VI
1576:Duque Fabre
1577:Susanne
1578:Conde Almandine
1579:Goldberg
1580:Alpine
1581:Cecille
1582:Ramdas
1583:Nodriza
1584:Pere
1585:Noble varón
1586:Noble hembra
1587:Caballeros Blancos
1588:Caballero de Kimlasca (Rango superior)
1589:Caballero de Kimlasca (Rango medio)
1590:Caballero de Kimlasca (Rango inferior)
1591:Maestro de ceremonias del Coliseo
1592:Miyagi
1593:Recepcionista
1594:Criada
1595:Chico
1596:Chica
1597:Hombre joven
1598:Mujer joven
1599:Hombre
1600:Mujer
1601:Rose
1602:Kelly
1603:Anciano
1604:Anciana
1605:Anciano McGovern
1606:Glenn McGovern
1607:Fonista de Malkuth
1608:Caballero de Malkuth (Rango superior)
1609:Caballero de Malkuth (Rango inferior)
1610:Astor
1611:Cónsul de Kimulasca
1612:Cónsul de Malkuth
1613:Antoleón
1614:Marinero
1615:Pyrope
1616:John
1617:Médico de Malkuth
1618:Enfermera de Malkuth
1619:Maestro Teodoro Grants
1620:Ion
1621:Van
1622:Van (Brazo Herido)
1623:Van (Forma Final)
1624:Sync
1625:Sync 2
1626:Sync 3
1627:Legretta
1628:Legretta 2
1629:Largo
1630:Largo 2
1631:Largo 3
1632:Arietta
1633:Arietta 2
1634:Dist
1635:Dist 2
1636:Mohs
1637:Tritheim
1638:Oliver
1639:Pamela
1640:Reiner
1641:Sacerdote
1642:Guardia sacerdotal
1643:Caballero del Oráculo
1644:Caballero del Oráculo (Rango superior)
1645:Caballero del Oráculo (Rango medio)
1646:Caballero del Oráculo (Rango inferior)
1647:Emperador Peony IX
1648:Sesemann
1649:Nordheim
1650:Frings
1651:Guy (Niño)
1652:Mary
1653:Ginji
1654:Noelle
1655:Iemon
1656:Aston
1657:Tamara
1659:Capitán
1660:Nephry
1661:Nebilim
1662:Profesora Nebilim
1663:Dist (Niño)
1664:Jade (Niño)
1665:Yaun
1666:Mabo
1667:Barman
1668:Conejita
1669:Empleado
1670:Empleada
1671:Cocinero
1672:Viridian
1673:Spinoza
1674:Hencken
1675:Caty
1676:Shu
1677:Noir (Alas Oscuras)
1678:York (Alas Oscuras)
1679:Urushi (Alas Oscuras)
1680:Katz
1681:Misika(Vacaz)
1682:Elion(Vacaz)
1683:Yutan(Vacaz)
1684:Florian
1685:Mary (Réplica)
1686:Frings (Réplica)
1687:Iemon (Réplica)
1688:Tamara (Réplica)
1689:Hombre joven (Réplica)
1690:Mujer joven (Réplica)
1691:Hombre (Réplica)
1692:Mieu
1693:Patriarca cheagle
1694:Cheagle
1695:Perro
1696:Gato
1701:¡Felicidades!
1702:¡Has completado el juego!
1703:Puedes usar el grado que has obtenido\npara alterar las condiciones de tu\npróxima partida. El grado no usado\naparecerá en tu próxima partida.
1704:Cualquier grado usado te será devuelto\nautomáticamente después de que completes\n la próxima partida.
1705:La próxima partida empezará con las\ncondiciones de los objetos comprados\n en la Tienda de Grado.

9000:Descansemos aquí esta noche.
1712:Guardado de datos de final de partida preparado.
1209:Está cerrado.